# JRE version: OpenJDK Runtime Environment (8.0_152-b06) (build 1.8.0_152-release-1136-b06)
# Java VM: OpenJDK 64-Bit Server VM (25.152-b06 mixed mode windows-amd64 compressed oops)
Heap:
 PSYoungGen      total 100352K, used 25414K [0x00000000e0000000, 0x00000000e8900000, 0x0000000100000000)
  eden space 82432K, 30% used [0x00000000e0000000,0x00000000e18d19f8,0x00000000e5080000)
  from space 17920K, 0% used [0x00000000e5080000,0x00000000e5080000,0x00000000e6200000)
  to   space 17408K, 0% used [0x00000000e7800000,0x00000000e7800000,0x00000000e8900000)
 ParOldGen       total 128512K, used 45264K [0x00000000a0000000, 0x00000000a7d80000, 0x00000000e0000000)
  object space 128512K, 35% used [0x00000000a0000000,0x00000000a2c340c8,0x00000000a7d80000)
 Metaspace       used 57710K, capacity 59512K, committed 59608K, reserved 1099776K
  class space    used 7902K, capacity 8366K, committed 8408K, reserved 1048576K
GC Heap History (10 events):
Event: 56.376 GC heap before
{Heap before GC invocations=20 (full 2):
 PSYoungGen      total 73216K, used 70058K [0x00000000e0000000, 0x00000000e5d00000, 0x0000000100000000)
  eden space 62976K, 100% used [0x00000000e0000000,0x00000000e3d80000,0x00000000e3d80000)
  from space 10240K, 69% used [0x00000000e3d80000,0x00000000e446aad8,0x00000000e4780000)
  to   space 10240K, 0% used [0x00000000e5300000,0x00000000e5300000,0x00000000e5d00000)
 ParOldGen       total 75264K, used 23601K [0x00000000a0000000, 0x00000000a4980000, 0x00000000e0000000)
  object space 75264K, 31% used [0x00000000a0000000,0x00000000a170c548,0x00000000a4980000)
 Metaspace       used 52632K, capacity 54064K, committed 54232K, reserved 1095680K
  class space    used 7163K, capacity 7566K, committed 7640K, reserved 1048576K
Event: 56.393 GC heap after
Heap after GC invocations=20 (full 2):
 PSYoungGen      total 83968K, used 9397K [0x00000000e0000000, 0x00000000e5e80000, 0x0000000100000000)
  eden space 73728K, 0% used [0x00000000e0000000,0x00000000e0000000,0x00000000e4800000)
  from space 10240K, 91% used [0x00000000e5300000,0x00000000e5c2d5e0,0x00000000e5d00000)
  to   space 11264K, 0% used [0x00000000e4800000,0x00000000e4800000,0x00000000e5300000)
 ParOldGen       total 75264K, used 23673K [0x00000000a0000000, 0x00000000a4980000, 0x00000000e0000000)
  object space 75264K, 31% used [0x00000000a0000000,0x00000000a171e558,0x00000000a4980000)
 Metaspace       used 52632K, capacity 54064K, committed 54232K, reserved 1095680K
  class space    used 7163K, capacity 7566K, committed 7640K, reserved 1048576K
}
Event: 59.026 GC heap before
{Heap before GC invocations=21 (full 2):
 PSYoungGen      total 83968K, used 83125K [0x00000000e0000000, 0x00000000e5e80000, 0x0000000100000000)
  eden space 73728K, 100% used [0x00000000e0000000,0x00000000e4800000,0x00000000e4800000)
  from space 10240K, 91% used [0x00000000e5300000,0x00000000e5c2d5e0,0x00000000e5d00000)
  to   space 11264K, 0% used [0x00000000e4800000,0x00000000e4800000,0x00000000e5300000)
 ParOldGen       total 75264K, used 23673K [0x00000000a0000000, 0x00000000a4980000, 0x00000000e0000000)
  object space 75264K, 31% used [0x00000000a0000000,0x00000000a171e558,0x00000000a4980000)
 Metaspace       used 55806K, capacity 57478K, committed 57560K, reserved 1099776K
  class space    used 7672K, capacity 8100K, committed 8152K, reserved 1048576K
Event: 59.054 GC heap after
Heap after GC invocations=21 (full 2):
 PSYoungGen      total 84992K, used 11232K [0x00000000e0000000, 0x00000000e6f00000, 0x0000000100000000)
  eden space 73728K, 0% used [0x00000000e0000000,0x00000000e0000000,0x00000000e4800000)
  from space 11264K, 99% used [0x00000000e4800000,0x00000000e52f8240,0x00000000e5300000)
  to   space 13312K, 0% used [0x00000000e6200000,0x00000000e6200000,0x00000000e6f00000)
 ParOldGen       total 75264K, used 25267K [0x00000000a0000000, 0x00000000a4980000, 0x00000000e0000000)
  object space 75264K, 33% used [0x00000000a0000000,0x00000000a18acd60,0x00000000a4980000)
 Metaspace       used 55806K, capacity 57478K, committed 57560K, reserved 1099776K
  class space    used 7672K, capacity 8100K, committed 8152K, reserved 1048576K
}
Event: 60.200 GC heap before
{Heap before GC invocations=22 (full 2):
 PSYoungGen      total 84992K, used 84960K [0x00000000e0000000, 0x00000000e6f00000, 0x0000000100000000)
  eden space 73728K, 100% used [0x00000000e0000000,0x00000000e4800000,0x00000000e4800000)
  from space 11264K, 99% used [0x00000000e4800000,0x00000000e52f8240,0x00000000e5300000)
  to   space 13312K, 0% used [0x00000000e6200000,0x00000000e6200000,0x00000000e6f00000)
 ParOldGen       total 75264K, used 25267K [0x00000000a0000000, 0x00000000a4980000, 0x00000000e0000000)
  object space 75264K, 33% used [0x00000000a0000000,0x00000000a18acd60,0x00000000a4980000)
 Metaspace       used 56067K, capacity 57786K, committed 57816K, reserved 1099776K
  class space    used 7692K, capacity 8146K, committed 8152K, reserved 1048576K
Event: 60.301 GC heap after
Heap after GC invocations=22 (full 2):
 PSYoungGen      total 95744K, used 13280K [0x00000000e0000000, 0x00000000e8000000, 0x0000000100000000)
  eden space 82432K, 0% used [0x00000000e0000000,0x00000000e0000000,0x00000000e5080000)
  from space 13312K, 99% used [0x00000000e6200000,0x00000000e6ef8030,0x00000000e6f00000)
  to   space 17920K, 0% used [0x00000000e5080000,0x00000000e5080000,0x00000000e6200000)
 ParOldGen       total 75264K, used 32055K [0x00000000a0000000, 0x00000000a4980000, 0x00000000e0000000)
  object space 75264K, 42% used [0x00000000a0000000,0x00000000a1f4dee8,0x00000000a4980000)
 Metaspace       used 56067K, capacity 57786K, committed 57816K, reserved 1099776K
  class space    used 7692K, capacity 8146K, committed 8152K, reserved 1048576K
}
Event: 63.590 GC heap before
{Heap before GC invocations=23 (full 2):
 PSYoungGen      total 95744K, used 56137K [0x00000000e0000000, 0x00000000e8000000, 0x0000000100000000)
  eden space 82432K, 51% used [0x00000000e0000000,0x00000000e29da460,0x00000000e5080000)
  from space 13312K, 99% used [0x00000000e6200000,0x00000000e6ef8030,0x00000000e6f00000)
  to   space 17920K, 0% used [0x00000000e5080000,0x00000000e5080000,0x00000000e6200000)
 ParOldGen       total 75264K, used 32055K [0x00000000a0000000, 0x00000000a4980000, 0x00000000e0000000)
  object space 75264K, 42% used [0x00000000a0000000,0x00000000a1f4dee8,0x00000000a4980000)
 Metaspace       used 57081K, capacity 58892K, committed 59028K, reserved 1099776K
  class space    used 7856K, capacity 8332K, committed 8408K, reserved 1048576K
Event: 63.631 GC heap after
Heap after GC invocations=23 (full 2):
 PSYoungGen      total 100352K, used 4116K [0x00000000e0000000, 0x00000000e8900000, 0x0000000100000000)
  eden space 82432K, 0% used [0x00000000e0000000,0x00000000e0000000,0x00000000e5080000)
  from space 17920K, 22% used [0x00000000e5080000,0x00000000e5485338,0x00000000e6200000)
  to   space 17408K, 0% used [0x00000000e7800000,0x00000000e7800000,0x00000000e8900000)
 ParOldGen       total 75264K, used 45395K [0x00000000a0000000, 0x00000000a4980000, 0x00000000e0000000)
  object space 75264K, 60% used [0x00000000a0000000,0x00000000a2c54fc8,0x00000000a4980000)
 Metaspace       used 57081K, capacity 58892K, committed 59028K, reserved 1099776K
  class space    used 7856K, capacity 8332K, committed 8408K, reserved 1048576K
}
Event: 63.631 GC heap before
{Heap before GC invocations=24 (full 3):
 PSYoungGen      total 100352K, used 4116K [0x00000000e0000000, 0x00000000e8900000, 0x0000000100000000)
  eden space 82432K, 0% used [0x00000000e0000000,0x00000000e0000000,0x00000000e5080000)
  from space 17920K, 22% used [0x00000000e5080000,0x00000000e5485338,0x00000000e6200000)
  to   space 17408K, 0% used [0x00000000e7800000,0x00000000e7800000,0x00000000e8900000)
 ParOldGen       total 75264K, used 45395K [0x00000000a0000000, 0x00000000a4980000, 0x00000000e0000000)
  object space 75264K, 60% used [0x00000000a0000000,0x00000000a2c54fc8,0x00000000a4980000)
 Metaspace       used 57081K, capacity 58892K, committed 59028K, reserved 1099776K
  class space    used 7856K, capacity 8332K, committed 8408K, reserved 1048576K
Event: 64.734 GC heap after
Heap after GC invocations=24 (full 3):
 PSYoungGen      total 100352K, used 0K [0x00000000e0000000, 0x00000000e8900000, 0x0000000100000000)
  eden space 82432K, 0% used [0x00000000e0000000,0x00000000e0000000,0x00000000e5080000)
  from space 17920K, 0% used [0x00000000e5080000,0x00000000e5080000,0x00000000e6200000)
  to   space 17408K, 0% used [0x00000000e7800000,0x00000000e7800000,0x00000000e8900000)
 ParOldGen       total 128512K, used 45264K [0x00000000a0000000, 0x00000000a7d80000, 0x00000000e0000000)
  object space 128512K, 35% used [0x00000000a0000000,0x00000000a2c340c8,0x00000000a7d80000)
 Metaspace       used 57081K, capacity 58892K, committed 59028K, reserved 1099776K
  class space    used 7856K, capacity 8332K, committed 8408K, reserved 1048576K
}

